{
  "RSpec": {
    "coverage": {
      "C:/Users/Admin/Desktop/cians homework 5/HW5-master/app/controllers/application_controller.rb": [
        0,
        0,
        0
      ],
      "C:/Users/Admin/Desktop/cians homework 5/HW5-master/app/controllers/movies_controller.rb": [
        0,
        null,
        0,
        0,
        0,
        null,
        0,
        0,
        0,
        null,
        0,
        null,
        0,
        0,
        0,
        0,
        0,
        0,
        0,
        0,
        0,
        0,
        null,
        0,
        0,
        0,
        null,
        0,
        0,
        0,
        0,
        0,
        0,
        0,
        null,
        0,
        null,
        0,
        null,
        0,
        0,
        0,
        0,
        0,
        null,
        0,
        0,
        0,
        null,
        0,
        0,
        0,
        0,
        0,
        0,
        null,
        0,
        0,
        0,
        0,
        0,
        0,
        null,
        0,
        0,
        null,
        0,
        null,
        0,
        0,
        0,
        0,
        0,
        null,
        0
      ],
      "C:/Users/Admin/Desktop/cians homework 5/HW5-master/app/helpers/application_helper.rb": [
        0,
        0
      ],
      "C:/Users/Admin/Desktop/cians homework 5/HW5-master/app/helpers/movies_helper.rb": [
        0,
        null,
        0,
        0,
        0,
        0
      ],
      "C:/Users/Admin/Desktop/cians homework 5/HW5-master/app/models/movie.rb": [
        0,
        0,
        0,
        0,
        null,
        0,
        0,
        0,
        0,
        0,
        0
      ]
    },
    "timestamp": 1566224373
  }
}
